Build started 2018-06-19 2:52:10 AM.
     1>Project "D:\FCIH 2013-2014\برمجة\X-O\X-O\X-O.vcxproj" on node 2 (Build target(s)).
     1>ClCompile:
         C:\Program Files (x86)\VC\bin\CL.exe /c /ZI /nologo /W3 /WX- /sdl /Od /Oy- /D WIN32 /D _DEBUG /D _CONSOLE /D _LIB /D _UNICODE /D UNICODE /Gm /EHsc /RTC1 /MDd /GS /fp:precise /Zc:wchar_t /Zc:forScope /Fo"Debug\\" /Fd"Debug\vc120.pdb" /Gd /TP /analyze- /errorReport:prompt "2 Players.cpp" Printing.cpp Win.cpp main.cpp
         main.cpp
         Printing.cpp
         Generating Code...
         Compiling...
         Win.cpp
         2 Players.cpp
         Generating Code...
       Link:
         C:\Program Files (x86)\VC\bin\link.exe /ERRORREPORT:PROMPT /OUT:"D:\FCIH 2013-2014\برمجة\X-O\Debug\X-O.exe" /INCREMENTAL /NOLOGO kernel32.lib user32.lib gdi32.lib winspool.lib comdlg32.lib advapi32.lib shell32.lib ole32.lib oleaut32.lib uuid.lib odbc32.lib odbccp32.lib /MANIFEST /MANIFESTUAC:"level='asInvoker' uiAccess='false'" /manifest:embed /DEBUG /PDB:"D:\FCIH 2013-2014\برمجة\X-O\Debug\X-O.pdb" /SUBSYSTEM:CONSOLE /TLBID:1 /DYNAMICBASE /NXCOMPAT /IMPLIB:"D:\FCIH 2013-2014\برمجة\X-O\Debug\X-O.lib" /MACHINE:X86 "Debug\2 Players.obj"
         Debug\Interface.obj
         Debug\main.obj
         Debug\Printing.obj
         Debug\Sourc.obj
         Debug\UnImportant.obj
         Debug\Win.obj
         X-O.vcxproj -> D:\FCIH 2013-2014\برمجة\X-O\Debug\X-O.exe
     1>Done Building Project "D:\FCIH 2013-2014\برمجة\X-O\X-O\X-O.vcxproj" (Build target(s)).

Build succeeded.

Time Elapsed 00:00:03.86
